<?xml version="1.0" encoding="UTF-8"?>
<!-- Generated by org.testng.reporters.JUnitReportReporter -->
<testsuite hostname="LAP-SG-10299" failures="0" tests="6" name="stepdefinitions.AddInvite" time="22.372" errors="0" timestamp="2025-07-21T12:59:52 IST" skipped="0">
  <testcase classname="stepdefinitions.AddInvite" name="loginAndGoToInvitesPage" time="6.398">
    <system-out>
      <![CDATA[✅Login Successful]]>
    </system-out>
  </testcase> <!-- loginAndGoToInvitesPage -->
  <testcase classname="stepdefinitions.AddInvite" name="addVisitorInvite" time="3.464">
    <system-out>
      <![CDATA[Visitor invite form submitted for Vikram Desai]]>
    </system-out>
  </testcase> <!-- addVisitorInvite -->
  <testcase classname="stepdefinitions.AddInvite" name="addVisitorInvite" time="2.957">
    <system-out>
      <![CDATA[Visitor invite form submitted for Rajiv Menon]]>
    </system-out>
  </testcase> <!-- addVisitorInvite -->
  <testcase classname="stepdefinitions.AddInvite" name="addVisitorInvite" time="3.597">
    <system-out>
      <![CDATA[Visitor invite form submitted for Diya Mehra]]>
    </system-out>
  </testcase> <!-- addVisitorInvite -->
  <testcase classname="stepdefinitions.AddInvite" name="addVisitorInvite" time="3.064">
    <system-out>
      <![CDATA[Visitor invite form submitted for Sneha Reddy]]>
    </system-out>
  </testcase> <!-- addVisitorInvite -->
  <testcase classname="stepdefinitions.AddInvite" name="addVisitorInvite" time="2.892">
    <system-out>
      <![CDATA[Visitor invite form submitted for Isha Kapoor]]>
    </system-out>
  </testcase> <!-- addVisitorInvite -->
  <system-out>
    <![CDATA[✅Login Successful
Visitor invite form submitted for Diya Mehra
Visitor invite form submitted for Rajiv Menon
Visitor invite form submitted for Sneha Reddy
Visitor invite form submitted for Vikram Desai
Visitor invite form submitted for Isha Kapoor]]>
  </system-out>
</testsuite> <!-- stepdefinitions.AddInvite -->
